2023-11-20 02:39:56 Loading main app package /usr/lib/obsidian/obsidian.asar
2023-11-20 02:39:56 Checking for update using Github
2023-11-20 02:39:56 Success.
2023-11-20 02:39:56 Latest version is 1.4.16
2023-11-20 02:39:56 App is up to date.
2023-11-20 02:49:06 Loading main app package /usr/lib/obsidian/obsidian.asar
2023-11-20 02:49:06 Checking for update using Github
2023-11-20 02:49:06 Success.
2023-11-20 02:49:06 Latest version is 1.4.16
2023-11-20 02:49:06 App is up to date.
2023-11-20 02:57:30 Loading main app package /usr/lib/obsidian/obsidian.asar
2023-11-20 02:57:30 Checking for update using Github
2023-11-20 02:57:30 Success.
2023-11-20 02:57:30 Latest version is 1.4.16
2023-11-20 02:57:30 App is up to date.
2023-11-20 03:12:07 Loading main app package /usr/lib/obsidian/obsidian.asar
2023-11-20 03:12:07 Checking for update using Github
2023-11-20 03:12:07 Success.
2023-11-20 03:12:07 Latest version is 1.4.16
2023-11-20 03:12:07 App is up to date.
2023-11-20 03:12:28 Loading main app package /usr/lib/obsidian/obsidian.asar
2023-11-20 03:12:28 Checking for update using Github
2023-11-20 03:12:28 Success.
2023-11-20 03:12:28 Latest version is 1.4.16
2023-11-20 03:12:28 App is up to date.
2023-11-20 03:17:00 Loading main app package /usr/lib/obsidian/obsidian.asar
2023-11-20 03:17:00 Checking for update using Github
2023-11-20 03:17:00 Success.
2023-11-20 03:17:00 Latest version is 1.4.16
2023-11-20 03:17:00 App is up to date.
2023-11-20 03:23:13 Loading main app package /usr/lib/obsidian/obsidian.asar
2023-11-20 03:23:13 Checking for update using Github
2023-11-20 03:23:13 Success.
2023-11-20 03:23:13 Latest version is 1.4.16
2023-11-20 03:23:13 App is up to date.
2023-11-20 03:24:22 Loading main app package /usr/lib/obsidian/obsidian.asar
2023-11-20 03:24:22 Checking for update using Github
2023-11-20 03:24:22 Success.
2023-11-20 03:24:22 Latest version is 1.4.16
2023-11-20 03:24:22 App is up to date.
2023-11-20 03:29:33 Loading main app package /usr/lib/obsidian/obsidian.asar
2023-11-20 03:29:33 Checking for update using Github
2023-11-20 03:29:33 Success.
2023-11-20 03:29:33 Latest version is 1.4.16
2023-11-20 03:29:33 App is up to date.
2023-11-20 03:33:08 Loading main app package /usr/lib/obsidian/obsidian.asar
2023-11-20 03:33:08 Checking for update using Github
2023-11-20 03:33:08 Success.
2023-11-20 03:33:08 Latest version is 1.4.16
2023-11-20 03:33:08 App is up to date.
